<?xml version="1.0" encoding="UTF-8" ?>
<testsuite tests="3" failures="1" name="stepdefinitions.TestRunner" time="31.028" errors="0" skipped="0">
  <properties>
[...]
</properties>
  <testcase classname="Borrowing calculator" name="Check Borrowing estimate" time="18.164">
    <failure message="expected:&lt;$[479],000&gt; but was:&lt;$[508],000&gt;" type="org.junit.ComparisonFailure">org.junit.ComparisonFailure: expected:&lt;$[479],000&gt; but was:&lt;$[508],000&gt;
	at org.junit.Assert.assertEquals(Assert.java:117)
	at org.junit.Assert.assertEquals(Assert.java:146)
	at stepdefinitions.BorrowingCalculatorSteps.i_should_see_the_borrowing_estimate_displayed_as(BorrowingCalculatorSteps.java:69)
	at ✽.I should see the borrowing estimate displayed as &apos;$479,000&apos;(file:///Users/sangeetha/eclipse-workspace-test/anz-test-exercise/src/test/resources/features/borrowingcalculator.feature:7)
</failure>
    <system-out>in main page
inside setincome
clicks
Vlaidates
$508,000
</system-out>
    <system-err>SLF4J: Failed to load class &quot;org.slf4j.impl.StaticLoggerBinder&quot;.
SLF4J: Defaulting to no-operation (NOP) logger implementation
SLF4J: See http://www.slf4j.org/codes.html#StaticLoggerBinder for further details.
Starting ChromeDriver 94.0.4606.41 (333e85df3c9b656b518b5f1add5ff246365b6c24-refs/branch-heads/4606@{#845}) on port 36171
Only local connections are allowed.
Please see https://chromedriver.chromium.org/security-considerations for suggestions on keeping ChromeDriver safe.
ChromeDriver was started successfully.
Oct 03, 2021 5:53:30 PM org.openqa.selenium.remote.ProtocolHandshake createSession
INFO: Detected dialect: W3C
</system-err>
  </testcase>
  <testcase classname="Borrowing calculator" name="Clear the fields and start over" time="7.305"/>
  <testcase classname="Borrowing calculator" name="Show unable to estimate message" time="5.559"/>
</testsuite>